Temp/gradleOut/unityLibrary/build/intermediates/manifest_merge_blame_file/release/manifest-merger-blame-release-report.txt
1<?xml version="1.0" encoding="utf-8"?>
2<!-- GENERATED BY UNITY. REMOVE THIS COMMENT TO PREVENT OVERWRITING WHEN EXPORTING AGAIN -->
3<manifest xmlns:android="http://schemas.android.com/apk/res/android"
4    xmlns:tools="http://schemas.android.com/tools"
5    package="com.unity3d.player"
6    android:installLocation="auto"
7    android:versionCode="1"
8    android:versionName="0.1" >
9
10    <uses-sdk
11        android:minSdkVersion="23"
11-->src/main/AndroidManifest.xml
12        android:targetSdkVersion="30" />
12-->src/main/AndroidManifest.xml
13
14    <uses-feature android:glEsVersion="0x00030000" />
14-->src/main/AndroidManifest.xml:22:3-52
14-->src/main/AndroidManifest.xml:22:17-49
15
16    <uses-permission android:name="android.permission.INTERNET" />
16-->src/main/AndroidManifest.xml:23:3-65
16-->src/main/AndroidManifest.xml:23:20-62
17    <uses-permission android:name="android.permission.RECORD_AUDIO" />
17-->src/main/AndroidManifest.xml:24:3-69
17-->src/main/AndroidManifest.xml:24:20-66
18    <uses-permission android:name="android.permission.MODIFY_AUDIO_SETTINGS" />
18-->src/main/AndroidManifest.xml:25:3-78
18-->src/main/AndroidManifest.xml:25:20-75
19
20    <uses-feature
20-->src/main/AndroidManifest.xml:26:3-87
21        android:name="android.hardware.microphone"
21-->src/main/AndroidManifest.xml:26:17-59
22        android:required="false" />
22-->src/main/AndroidManifest.xml:26:60-84
23    <uses-feature
23-->src/main/AndroidManifest.xml:27:3-88
24        android:name="android.hardware.touchscreen"
24-->src/main/AndroidManifest.xml:27:17-60
25        android:required="false" />
25-->src/main/AndroidManifest.xml:27:61-85
26    <uses-feature
26-->src/main/AndroidManifest.xml:28:3-99
27        android:name="android.hardware.touchscreen.multitouch"
27-->src/main/AndroidManifest.xml:28:17-71
28        android:required="false" />
28-->src/main/AndroidManifest.xml:28:72-96
29    <uses-feature
29-->src/main/AndroidManifest.xml:29:3-108
30        android:name="android.hardware.touchscreen.multitouch.distinct"
30-->src/main/AndroidManifest.xml:29:17-80
31        android:required="false" />
31-->src/main/AndroidManifest.xml:29:81-105
32    <uses-feature
32-->src/main/AndroidManifest.xml:30:3-111
33        android:name="android.hardware.vr.headtracking"
33-->src/main/AndroidManifest.xml:30:17-64
34        android:required="true"
34-->src/main/AndroidManifest.xml:30:65-88
35        android:version="1" />
35-->src/main/AndroidManifest.xml:30:89-108
36
37    <application>
37-->src/main/AndroidManifest.xml:4:3-21:17
38        <activity
38-->src/main/AndroidManifest.xml:5:5-13:16
39            android:name="com.unity3d.player.UnityPlayerActivity"
39-->src/main/AndroidManifest.xml:5:15-68
40            android:configChanges="keyboard|keyboardHidden|navigation|orientation|screenLayout|screenSize|uiMode"
40-->src/main/AndroidManifest.xml:5:204-305
41            android:hardwareAccelerated="false"
41-->src/main/AndroidManifest.xml:5:341-376
42            android:launchMode="singleTask"
42-->src/main/AndroidManifest.xml:5:172-203
43            android:resizeableActivity="false"
43-->src/main/AndroidManifest.xml:5:306-340
44            android:screenOrientation="landscape"
44-->src/main/AndroidManifest.xml:5:134-171
45            android:theme="@android:style/Theme.Black.NoTitleBar.Fullscreen" >
45-->src/main/AndroidManifest.xml:5:69-133
46            <intent-filter>
46-->src/main/AndroidManifest.xml:6:7-10:23
47                <action android:name="android.intent.action.MAIN" />
47-->src/main/AndroidManifest.xml:7:9-61
47-->src/main/AndroidManifest.xml:7:17-58
48
49                <category android:name="android.intent.category.LAUNCHER" />
49-->src/main/AndroidManifest.xml:8:9-69
49-->src/main/AndroidManifest.xml:8:19-66
50                <category android:name="com.oculus.intent.category.VR" />
50-->src/main/AndroidManifest.xml:9:9-66
50-->src/main/AndroidManifest.xml:9:19-63
51            </intent-filter>
52
53            <meta-data
53-->src/main/AndroidManifest.xml:11:7-82
54                android:name="unityplayer.UnityActivity"
54-->src/main/AndroidManifest.xml:11:18-58
55                android:value="true" />
55-->src/main/AndroidManifest.xml:11:59-79
56            <meta-data
56-->src/main/AndroidManifest.xml:12:7-81
57                android:name="com.oculus.vr.focusaware"
57-->src/main/AndroidManifest.xml:12:18-57
58                android:value="true" />
58-->src/main/AndroidManifest.xml:12:58-78
59        </activity>
60
61        <meta-data
61-->src/main/AndroidManifest.xml:14:5-69
62            android:name="unity.splash-mode"
62-->src/main/AndroidManifest.xml:14:16-48
63            android:value="0" />
63-->src/main/AndroidManifest.xml:14:49-66
64        <meta-data
64-->src/main/AndroidManifest.xml:15:5-74
65            android:name="unity.splash-enable"
65-->src/main/AndroidManifest.xml:15:16-50
66            android:value="True" />
66-->src/main/AndroidManifest.xml:15:51-71
67        <meta-data
67-->src/main/AndroidManifest.xml:16:5-84
68            android:name="unity.allow-resizable-window"
68-->src/main/AndroidManifest.xml:16:16-59
69            android:value="False" />
69-->src/main/AndroidManifest.xml:16:60-81
70        <meta-data
70-->src/main/AndroidManifest.xml:17:5-101
71            android:name="unity.build-id"
71-->src/main/AndroidManifest.xml:17:16-45
72            android:value="3a8e3668-7454-4514-8a73-1af03c66598b" />
72-->src/main/AndroidManifest.xml:17:46-98
73        <meta-data
73-->src/main/AndroidManifest.xml:18:5-97
74            android:name="com.samsung.android.vr.application.mode"
74-->src/main/AndroidManifest.xml:18:16-70
75            android:value="vr_only" />
75-->src/main/AndroidManifest.xml:18:71-94
76        <meta-data
76-->src/main/AndroidManifest.xml:19:5-91
77            android:name="com.unity.xr.oculus.LowOverheadMode"
77-->src/main/AndroidManifest.xml:19:16-66
78            android:value="false" />
78-->src/main/AndroidManifest.xml:19:67-88
79        <meta-data
79-->src/main/AndroidManifest.xml:20:5-90
80            android:name="com.oculus.supportedDevices"
80-->src/main/AndroidManifest.xml:20:16-58
81            android:value="quest|quest2" />
81-->src/main/AndroidManifest.xml:20:59-87
82    </application>
83
84</manifest>